http://www.ahram.org.eg/archive/news/The-First/News/81340.aspx
http://www.ahram.org.eg/archive/news/The-First/News/81210.aspx
http://www.ahram.org.eg/archive/news/The-First/News/81348.aspx
http://www.ahram.org.eg/archive/news/The-First/News/81226.aspx
http://www.ahram.org.eg/archive/news/The-First/News/81215.aspx
http://www.ahram.org.eg/archive/news/The-First/News/81216.aspx
http://www.ahram.org.eg/archive/news/The-First/News/81218.aspx
http://www.ahram.org.eg/archive/news/The-First/News/81219.aspx
http://www.ahram.org.eg/archive/news/The-First/News/81221.aspx
http://www.ahram.org.eg/archive/news/The-First/News/81222.aspx
http://www.ahram.org.eg/archive/news/outer/11/Columns.html
http://www.ahram.org.eg/archive/news/WriterIndex.aspx
http://www.ahram.org.eg/archive/news/WriterIndex.aspx
http://www.ahram.org.eg/archive/news/#
http://www.ahram.org.eg/archive/news/The-First/News/81203.aspx
http://www.ahram.org.eg/archive/news/The-First/News/81203.aspx#comments
http://www.ahram.org.eg/archive/news/The-First/News/81205.aspx
http://www.ahram.org.eg/archive/news/The-First/News/81205.aspx#comments
http://www.ahram.org.eg/archive/news/The-First/News/81340.aspx
http://www.ahram.org.eg/archive/news/WriterIndex.aspx
http://www.ahram.org.eg/archive/news/WriterIndex.aspx
http://www.ahram.org.eg/archive/news/WriterIndex.aspx
http://www.ahram.org.eg/archive/news/WriterIndex.aspx
http://www.ahram.org.eg/archive/news/#
http://www.ahram.org.eg/archive/news/WriterIndex.aspx
http://www.ahram.org.eg/archive/news/WriterIndex.aspx
http://www.ahram.org.eg/archive/news/#
http://www.ahram.org.eg/archive/news/#
http://www.ahram.org.eg/archive/news/WriterIndex.aspx
http://www.ahram.org.eg/archive/news/WriterIndex.aspx
http://www.ahram.org.eg/archive/news/#
http://www.ahram.org.eg/archive/news/WriterIndex.aspx
http://www.ahram.org.eg/archive/news/WriterIndex.aspx
http://www.ahram.org.eg/archive/news/#
http://www.ahram.org.eg/archive/news/WriterIndex.aspx
http://www.ahram.org.eg/archive/news/WriterIndex.aspx
http://www.ahram.org.eg/archive/news/#
http://www.ahram.org.eg/archive/news/outer/60/Al Mashhad Al Syiassy.html
http://www.ahram.org.eg/archive/news/outer/31/Arab world .html
http://www.ahram.org.eg/archive/news/outer/16/The Last.html
http://www.ahram.org.eg/archive/news/outer/31/Arab world .html
http://www.ahram.org.eg/archive/news/outer/16/The Last.html
http://www.ahram.org.eg/newadv/a.aspx?ZoneID=109&Task=Click&Mode=HTML&SiteID=1&PageID=38468
http://www.ahram.org.eg/newadv/a.aspx?ZoneID=109&Task=Click&Mode=HTML&SiteID=1&PageID=38468
http://www.ahram.org.eg/newadv/a.aspx?ZoneID=109&Task=Click&Mode=HTML&SiteID=1&PageID=38468
http://www.ahram.org.eg/archive/news/WriterIndex.aspx
http://www.ahram.org.eg/archive/news/WriterIndex.aspx
http://www.ahram.org.eg/archive/news/#
http://www.ahram.org.eg/archive/news/outer/31/Arab world .html
http://www.ahram.org.eg/newadv/a.aspx?ZoneID=109&Task=Click&Mode=HTML&SiteID=1&PageID=38468
http://www.ahram.org.eg/archive/news/WriterIndex.aspx
http://www.ahram.org.eg/archive/news/WriterIndex.aspx
http://www.ahram.org.eg/archive/news/#
http://www.ahram.org.eg/archive/news/WriterIndex.aspx
http://www.ahram.org.eg/archive/news/WriterIndex.aspx
http://www.ahram.org.eg/archive/news/WriterIndex.aspx
http://www.ahram.org.eg/archive/news/#
http://www.ahram.org.eg/archive/news/WriterIndex.aspx
http://www.ahram.org.eg/archive/news/WriterIndex.aspx
http://www.ahram.org.eg/archive/news/WriterIndex.aspx
http://www.ahram.org.eg/archive/news/WriterIndex.aspx
http://www.ahram.org.eg/archive/news/WriterIndex.aspx
http://www.ahram.org.eg/archive/news/WriterIndex.aspx
http://www.ahram.org.eg/archive/news/WriterIndex.aspx
http://www.ahram.org.eg/archive/news/WriterIndex.aspx
http://www.ahram.org.eg/archive/news/#
http://www.ahram.org.eg/archive/news/#
http://www.ahram.org.eg/archive/news/WriterIndex.aspx
http://www.ahram.org.eg/archive/news/WriterIndex.aspxhttp://www.ahram.org.eg/archive/news/#

http://www.ahram.org.eg/archive/news/WriterIndex.aspx
http://www.ahram.org.eg/archive/news/#
http://www.ahram.org.eg/archive/news/WriterIndex.aspx
http://www.ahram.org.eg/archive/news/WriterIndex.aspx
http://www.ahram.org.eg/archive/news/WriterIndex.aspx
http://www.ahram.org.eg/archive/news/#
http://www.ahram.org.eg/archive/news/WriterIndex.aspx
http://www.ahram.org.eg/archive/news/WriterIndex.aspx
http://www.ahram.org.eg/archive/news/#
http://www.ahram.org.eg/archive/news/WriterIndex.aspx
http://www.ahram.org.eg/archive/news/WriterIndex.aspx
http://www.ahram.org.eg/archive/news/WriterIndex.aspx
http://www.ahram.org.eg/archive/news/WriterIndex.aspx
http://www.ahram.org.eg/archive/news/#
http://www.ahram.org.eg/archive/news/WriterIndex.aspx
http://www.ahram.org.eg/archive/news/WriterIndex.aspx
http://www.ahram.org.eg/archive/news/WriterIndex.aspxhttp://www.ahram.org.eg/archive/news/WriterIndex.aspx

http://www.ahram.org.eg/archive/news/WriterIndex.aspx
http://www.ahram.org.eg/archive/news/WriterIndex.aspx
http://www.ahram.org.eg/archive/news/WriterIndex.aspx
http://www.ahram.org.eg/archive/news/WriterIndex.aspx
http://www.ahram.org.eg/archive/news/#
http://www.ahram.org.eg/archive/news/WriterIndex.aspx
http://www.ahram.org.eg/archive/news/WriterIndex.aspx
http://www.ahram.org.eg/archive/news/#
http://www.ahram.org.eg/archive/news/#
http://www.ahram.org.eg/archive/news/WriterIndex.aspx
http://www.ahram.org.eg/archive/news/outer/16/The Last.html
http://www.ahram.org.eg/archive/news/#
http://www.ahram.org.eg/archive/news/WriterIndex.aspx
http://www.ahram.org.eg/archive/news/#
http://www.ahram.org.eg/archive/news/#
http://www.ahram.org.eg/newadv/a.aspx?ZoneID=109&Task=Click&Mode=HTML&SiteID=1&PageID=38468
http://www.ahram.org.eg/archive/news/WriterIndex.aspx
http://www.ahram.org.eg/archive/news/WriterIndex.aspx
http://www.ahram.org.eg/archive/news/WriterIndex.aspx
http://www.ahram.org.eg/archive/news/#
http://www.ahram.org.eg/archive/news/#
http://www.ahram.org.eg/archive/news/WriterIndex.aspx
http://www.ahram.org.eg/archive/news/#
http://www.ahram.org.eg/archive/news/WriterIndex.aspx
http://www.ahram.org.eg/archive/news/WriterIndex.aspx
http://www.ahram.org.eg/archive/news/#
http://www.ahram.org.eg/archive/news/WriterIndex.aspx
http://www.ahram.org.eg/archive/news/WriterIndex.aspx
http://www.ahram.org.eg/archive/news/#
http://www.ahram.org.eg/archive/news/WriterIndex.aspx
http://www.ahram.org.eg/archive/news/WriterIndex.aspx
http://www.ahram.org.eg/archive/news/WriterIndex.aspx
http://www.ahram.org.eg/archive/news/#
http://www.ahram.org.eg/archive/news/WriterIndex.aspx
http://www.ahram.org.eg/archive/news/WriterIndex.aspx
http://www.ahram.org.eg/archive/news/#
http://www.ahram.org.eg/archive/news/#
http://www.ahram.org.eg/archive/news/outer/60/Al Mashhad Al Syiassy.html
http://www.ahram.org.eg/archive/news/#
http://www.ahram.org.eg/archive/news/outer/31/Arab world .html
http://www.ahram.org.eg/archive/news/outer/16/The Last.html
http://www.ahram.org.eg/newadv/a.aspx?ZoneID=109&Task=Click&Mode=HTML&SiteID=1&PageID=38468
http://www.ahram.org.eg/archive/news/#
http://www.ahram.org.eg/archive/news/WriterIndex.aspx
http://www.ahram.org.eg/archive/news/WriterIndex.aspx
http://www.ahram.org.eg/archive/news/WriterIndex.aspx
http://www.ahram.org.eg/archive/news/#
http://www.ahram.org.eg/archive/news/WriterIndex.aspx
http://www.ahram.org.eg/archive/news/#
http://www.ahram.org.eg/archive/news/WriterIndex.aspx
http://www.ahram.org.eg/archive/news/WriterIndex.aspx
http://www.ahram.org.eg/archive/news/#
http://www.ahram.org.eg/archive/news/WriterIndex.aspx
http://www.ahram.org.eg/archive/news/WriterIndex.aspx
http://www.ahram.org.eg/archive/news/#
http://www.ahram.org.eg/archive/news/562/2011/06/13/30/index.aspx
http://www.ahram.org.eg/archive/news/562/2011/06/13/32/index.aspx
http://www.ahram.org.eg/archive/news/562/2011/06/13/33/index.aspx
http://www.ahram.org.eg/archive/news/562/2011/06/13/34/index.aspx
http://www.ahram.org.eg/archive/news/562/2011/06/13/39/index.aspx
http://www.ahram.org.eg/archive/news/562/2011/06/13/40/index.aspx
http://www.ahram.org.eg/archive/news/562/2011/06/13/41/index.aspx
http://www.ahram.org.eg/archive/news/562/2011/06/13/42/index.aspx
http://www.ahram.org.eg/archive/news/562/2011/06/13/43/index.aspx
http://www.ahram.org.eg/archive/news/562/2011/06/13/44/index.aspx
http://www.ahram.org.eg/archive/news/562/2011/06/13/45/index.aspx
http://www.ahram.org.eg/archive/news/574/2011/06/25/39/index.aspx
http://www.ahram.org.eg/archive/news/561/2011/06/12/48/index.aspx
http://www.ahram.org.eg/archive/news/562/2011/06/13/47/index.aspx
http://www.ahram.org.eg/archive/news/562/2011/06/13/48/index.aspx
http://www.ahram.org.eg/archive/news/562/2011/06/13/56/index.aspx
http://www.ahram.org.eg/archive/news/562/2011/06/13/62/index.aspx
http://www.ahram.org.eg/archive/news/562/2011/06/13/63/index.aspx
http://www.ahram.org.eg/archive/news/562/2011/06/13/64/index.aspx
http://www.ahram.org.eg/archive/news/562/2011/06/13/65/index.aspx
http://www.ahram.org.eg/archive/news/571/2011/06/22/67/index.aspx
http://www.ahram.org.eg/archive/news/562/2011/06/13/66/index.aspx
http://www.ahram.org.eg/archive/news/554/2011/06/05/48/index.aspx
http://www.ahram.org.eg/archive/news/571/2011/06/22/68/index.aspx
http://www.ahram.org.eg/archive/news/573/2011/06/24/62/index.aspx
http://www.ahram.org.eg/archive/news/554/2011/06/05/56/index.aspx
http://www.ahram.org.eg/archive/news/562/2011/06/13/67/index.aspx
http://www.ahram.org.eg/archive/news/554/2011/06/05/62/index.aspx
http://www.ahram.org.eg/archive/news/577/2011/06/28/30/index.aspx
http://www.ahram.org.eg/archive/news/556/2011/06/07/62/index.aspx
http://www.ahram.org.eg/archive/news/577/2011/06/28/32/index.aspx
http://www.ahram.org.eg/archive/news/555/2011/06/06/45/index.aspx
http://www.ahram.org.eg/archive/news/577/2011/06/28/33/index.aspx
http://www.ahram.org.eg/archive/news/577/2011/06/28/34/index.aspx
http://www.ahram.org.eg/archive/news/556/2011/06/07/65/index.aspx
http://www.ahram.org.eg/archive/news/577/2011/06/28/39/index.aspx
http://www.ahram.org.eg/archive/news/555/2011/06/06/48/index.aspx
http://www.ahram.org.eg/archive/news/577/2011/06/28/40/index.aspx
http://www.ahram.org.eg/archive/news/555/2011/06/06/56/index.aspx
http://www.ahram.org.eg/archive/news/556/2011/06/07/67/index.aspx
http://www.ahram.org.eg/archive/news/556/2011/06/07/68/index.aspx
http://www.ahram.org.eg/archive/news/577/2011/06/28/41/index.aspx
http://www.ahram.org.eg/archive/news/577/2011/06/28/42/index.aspx
http://www.ahram.org.eg/archive/news/554/2011/06/05/70/index.aspx
http://www.ahram.org.eg/archive/news/558/2011/06/09/62/index.aspx
http://www.ahram.org.eg/archive/news/557/2011/06/08/44/index.aspx
http://www.ahram.org.eg/archive/news/566/2011/06/17/40/index.aspx
http://www.ahram.org.eg/archive/news/566/2011/06/17/41/index.aspx
http://www.ahram.org.eg/archive/news/566/2011/06/17/42/index.aspx
http://www.ahram.org.eg/archive/news/557/2011/06/08/47/index.aspx
http://www.ahram.org.eg/archive/news/568/2011/06/19/63/index.aspx
http://www.ahram.org.eg/archive/news/557/2011/06/08/56/index.aspx
http://www.ahram.org.eg/archive/news/568/2011/06/19/64/index.aspx
http://www.ahram.org.eg/archive/news/569/2011/06/20/62/index.aspx
http://www.ahram.org.eg/archive/news/568/2011/06/19/65/index.aspx
http://www.ahram.org.eg/archive/news/557/2011/06/08/69/index.aspx
http://www.ahram.org.eg/archive/news/573/2011/06/24/68/index.aspx
http://www.ahram.org.eg/archive/news/570/2011/06/21/72/index.aspx
http://www.ahram.org.eg/archive/news/557/2011/06/08/70/index.aspx
http://www.ahram.org.eg/archive/news/565/2011/06/16/66/index.aspx
http://www.ahram.org.eg/archive/news/566/2011/06/17/68/index.aspx
http://www.ahram.org.eg/archive/news/565/2011/06/16/68/index.aspx
http://www.ahram.org.eg/archive/news/555/2011/06/06/69/index.aspx
http://www.ahram.org.eg/archive/news/570/2011/06/21/75/index.aspx
http://www.ahram.org.eg/archive/news/outer/60/Al Mashhad Al Syiassy.html
http://www.ahram.org.eg/archive/news/574/2011/06/25/67/index.aspx
http://www.ahram.org.eg/archive/news/574/2011/06/25/68/index.aspx
http://www.ahram.org.eg/archive/news/578/2011/06/29/69/index.aspx
http://www.ahram.org.eg/archive/news/578/2011/06/29/71/index.aspx
http://www.ahram.org.eg/archive/news/Sport/News/82670.aspx
http://www.ahram.org.eg/archive/news/578/2011/06/29/72/index.aspx
http://www.ahram.org.eg/archive/news/578/2011/06/29/73/index.aspx
http://www.ahram.org.eg/archive/news/578/2011/06/29/75/index.aspx
http://www.ahram.org.eg/archive/news/574/2011/06/25/71/index.aspx
http://www.ahram.org.eg/archive/news/Al-Mashhad-Al-Syiassy/News/84812.aspx#comments
http://www.ahram.org.eg/archive/news/Sport/News/81879.aspx#comments
http://www.ahram.org.eg/archive/news/Al-Mashhad-Al-Syiassy/News/82632.aspx#comments
http://www.ahram.org.eg/archive/news/Egypt/News/81952.aspx
http://www.ahram.org.eg/archive/news/Egypt/News/86470.aspx
http://www.ahram.org.eg/archive/news/Incidents/News/82630.aspx#comments
http://www.ahram.org.eg/archive/news/Egypt/News/84553.aspx
http://www.ahram.org.eg/archive/news/New-day/News/85636.aspx#comments
http://www.ahram.org.eg/archive/news/Egypt/News/84561.aspx
http://www.ahram.org.eg/archive/news/Economy/News/82702.aspx#comments
http://www.ahram.org.eg/archive/news/outer/60/Al Mashhad Al Syiassy.html
http://www.ahram.org.eg/archive/news/outer/60/Al Mashhad Al Syiassy.html
http://www.ahram.org.eg/archive/news/outer/60/Al Mashhad Al Syiassy.html
http://www.ahram.org.eg/archive/news/outer/15/Al-Ahram Email.html
http://www.ahram.org.eg/archive/news/outer/15/Al-Ahram Email.html
http://www.ahram.org.eg/archive/news/outer/12/Al-Ahram Files.html
http://www.ahram.org.eg/archive/news/Incidents/News/85364.aspx
http://www.ahram.org.eg/archive/news/Incidents/News/85364.aspx#comments
http://www.ahram.org.eg/archive/news/outer/15/Al-Ahram Email.html
http://www.ahram.org.eg/archive/news/Incidents/News/85367.aspx
http://www.ahram.org.eg/archive/news/553/2011/06/04/65/index.aspx
http://www.ahram.org.eg/archive/news/outer/60/Al Mashhad Al Syiassy.html
http://www.ahram.org.eg/archive/news/outer/38/Incidents.html
http://www.ahram.org.eg/archive/news/Incidents/News/85745.aspx
http://www.ahram.org.eg/archive/news/Egypt/News/82863.aspx
http://www.ahram.org.eg/archive/news/Incidents/News/85761.aspx
http://www.ahram.org.eg/archive/news/Egypt/News/82863.aspx#comments
http://www.ahram.org.eg/archive/news/577/2011/06/28/43/index.aspx
http://www.ahram.org.eg/archive/news/577/2011/06/28/44/index.aspx
http://www.ahram.org.eg/archive/news/577/2011/06/28/45/index.aspx
http://www.ahram.org.eg/archive/news/577/2011/06/28/47/index.aspx
http://www.ahram.org.eg/archive/news/577/2011/06/28/48/index.aspx
http://www.ahram.org.eg/archive/news/outer/60/Al Mashhad Al Syiassy.html
http://www.ahram.org.eg/archive/news/outer/15/Al-Ahram Email.html
http://www.ahram.org.eg/archive/news/outer/60/Al Mashhad Al Syiassy.html
http://www.ahram.org.eg/archive/news/outer/15/Al-Ahram Email.html
http://www.ahram.org.eg/archive/news/outer/12/Al-Ahram Files.html
http://www.ahram.org.eg/archive/news/outer/60/Al Mashhad Al Syiassy.html
http://www.ahram.org.eg/archive/news/outer/60/Al Mashhad Al Syiassy.html
http://www.ahram.org.eg/archive/news/Al-Mashhad-Al-Syiassy/News/86381.aspx
http://www.ahram.org.eg/archive/news/Al-Ahram-Files/News/82161.aspx
http://www.ahram.org.eg/archive/news/WriterIndex.aspx
http://www.ahram.org.eg/archive/news/WriterIndex.aspx
http://www.ahram.org.eg/archive/news/WriterIndex.aspx
http://www.ahram.org.eg/archive/news/WriterIndex.aspx
http://www.ahram.org.eg/archive/news/#
http://www.ahram.org.eg/newadv/a.aspx?ZoneID=109&Task=Click&Mode=HTML&SiteID=1&PageID=38468
http://www.ahram.org.eg/archive/news/#
http://www.ahram.org.eg/newadv/a.aspx?ZoneID=109&Task=Click&Mode=HTML&SiteID=1&PageID=38468
http://www.ahram.org.eg/archive/news/WriterIndex.aspx
http://www.ahram.org.eg/archive/news/WriterIndex.aspx
